

Started GET "/" for 127.0.0.1 at 2015-05-26 18:41:05 -0700

PG::ConnectionBad (FATAL:  role "rt_dev" does not exist
):
  activerecord (4.0.3) lib/active_record/connection_adapters/postgresql_adapter.rb:831:in `initialize'
  activerecord (4.0.3) lib/active_record/connection_adapters/postgresql_adapter.rb:831:in `new'
  activerecord (4.0.3) lib/active_record/connection_adapters/postgresql_adapter.rb:831:in `connect'
  activerecord (4.0.3) lib/active_record/connection_adapters/postgresql_adapter.rb:548:in `initialize'
  activerecord (4.0.3) lib/active_record/connection_adapters/postgresql_adapter.rb:41:in `new'
  activerecord (4.0.3) lib/active_record/connection_adapters/postgresql_adapter.rb:41:in `postgresql_connection'
  activerecord (4.0.3) lib/active_record/connection_adapters/abstract/connection_pool.rb:440:in `new_connection'
  activerecord (4.0.3) lib/active_record/connection_adapters/abstract/connection_pool.rb:450:in `checkout_new_connection'
  activerecord (4.0.3) lib/active_record/connection_adapters/abstract/connection_pool.rb:421:in `acquire_connection'
  activerecord (4.0.3) lib/active_record/connection_adapters/abstract/connection_pool.rb:356:in `block in checkout'
  /System/Library/Frameworks/Ruby.framework/Versions/2.0/usr/lib/ruby/2.0.0/monitor.rb:211:in `mon_synchronize'
  activerecord (4.0.3) lib/active_record/connection_adapters/abstract/connection_pool.rb:355:in `checkout'
  activerecord (4.0.3) lib/active_record/connection_adapters/abstract/connection_pool.rb:265:in `block in connection'
  /System/Library/Frameworks/Ruby.framework/Versions/2.0/usr/lib/ruby/2.0.0/monitor.rb:211:in `mon_synchronize'
  activerecord (4.0.3) lib/active_record/connection_adapters/abstract/connection_pool.rb:264:in `connection'
  activerecord (4.0.3) lib/active_record/connection_adapters/abstract/connection_pool.rb:546:in `retrieve_connection'
  activerecord (4.0.3) lib/active_record/connection_handling.rb:79:in `retrieve_connection'
  activerecord (4.0.3) lib/active_record/connection_handling.rb:53:in `connection'
  activerecord (4.0.3) lib/active_record/query_cache.rb:51:in `restore_query_cache_settings'
  activerecord (4.0.3) lib/active_record/query_cache.rb:43:in `rescue in call'
  activerecord (4.0.3) lib/active_record/query_cache.rb:32:in `call'
  activerecord (4.0.3) lib/active_record/connection_adapters/abstract/connection_pool.rb:626:in `call'
  activerecord (4.0.3) lib/active_record/migration.rb:369:in `call'
  actionpack (4.0.3) lib/action_dispatch/middleware/callbacks.rb:29:in `block in call'
  activesupport (4.0.3) lib/active_support/callbacks.rb:373:in `_run__2147862005178201412__call__callbacks'
  activesupport (4.0.3) lib/active_support/callbacks.rb:80:in `run_callbacks'
  actionpack (4.0.3) lib/action_dispatch/middleware/callbacks.rb:27:in `call'
  actionpack (4.0.3) lib/action_dispatch/middleware/reloader.rb:64:in `call'
  actionpack (4.0.3) lib/action_dispatch/middleware/remote_ip.rb:76:in `call'
  actionpack (4.0.3) lib/action_dispatch/middleware/debug_exceptions.rb:17:in `call'
  actionpack (4.0.3) lib/action_dispatch/middleware/show_exceptions.rb:30:in `call'
  railties (4.0.3) lib/rails/rack/logger.rb:38:in `call_app'
  railties (4.0.3) lib/rails/rack/logger.rb:20:in `block in call'
  activesupport (4.0.3) lib/active_support/tagged_logging.rb:67:in `block in tagged'
  activesupport (4.0.3) lib/active_support/tagged_logging.rb:25:in `tagged'
  activesupport (4.0.3) lib/active_support/tagged_logging.rb:67:in `tagged'
  railties (4.0.3) lib/rails/rack/logger.rb:20:in `call'
  actionpack (4.0.3) lib/action_dispatch/middleware/request_id.rb:21:in `call'
  rack (1.5.3) lib/rack/methodoverride.rb:21:in `call'
  rack (1.5.3) lib/rack/runtime.rb:17:in `call'
  activesupport (4.0.3) lib/active_support/cache/strategy/local_cache.rb:83:in `call'
  rack (1.5.3) lib/rack/lock.rb:17:in `call'
  actionpack (4.0.3) lib/action_dispatch/middleware/static.rb:64:in `call'
  rack (1.5.3) lib/rack/sendfile.rb:112:in `call'
  railties (4.0.3) lib/rails/engine.rb:511:in `call'
  railties (4.0.3) lib/rails/application.rb:97:in `call'
  rack (1.5.3) lib/rack/lock.rb:17:in `call'
  rack (1.5.3) lib/rack/content_length.rb:14:in `call'
  rack (1.5.3) lib/rack/handler/webrick.rb:60:in `service'
  /System/Library/Frameworks/Ruby.framework/Versions/2.0/usr/lib/ruby/2.0.0/webrick/httpserver.rb:138:in `service'
  /System/Library/Frameworks/Ruby.framework/Versions/2.0/usr/lib/ruby/2.0.0/webrick/httpserver.rb:94:in `run'
  /System/Library/Frameworks/Ruby.framework/Versions/2.0/usr/lib/ruby/2.0.0/webrick/server.rb:295:in `block in start_thread'


  Rendered /Library/Ruby/Gems/2.0.0/gems/actionpack-4.0.3/lib/action_dispatch/middleware/templates/rescues/_source.erb (0.5ms)
  Rendered /Library/Ruby/Gems/2.0.0/gems/actionpack-4.0.3/lib/action_dispatch/middleware/templates/rescues/_trace.erb (23.4ms)
  Rendered /Library/Ruby/Gems/2.0.0/gems/actionpack-4.0.3/lib/action_dispatch/middleware/templates/rescues/_request_and_response.erb (1.1ms)
  Rendered /Library/Ruby/Gems/2.0.0/gems/actionpack-4.0.3/lib/action_dispatch/middleware/templates/rescues/diagnostics.erb within rescues/layout (38.1ms)


Started GET "/" for 127.0.0.1 at 2015-05-26 18:41:29 -0700

PG::ConnectionBad (FATAL:  role "rt_dev" does not exist
):
  activerecord (4.0.3) lib/active_record/connection_adapters/postgresql_adapter.rb:831:in `initialize'
  activerecord (4.0.3) lib/active_record/connection_adapters/postgresql_adapter.rb:831:in `new'
  activerecord (4.0.3) lib/active_record/connection_adapters/postgresql_adapter.rb:831:in `connect'
  activerecord (4.0.3) lib/active_record/connection_adapters/postgresql_adapter.rb:548:in `initialize'
  activerecord (4.0.3) lib/active_record/connection_adapters/postgresql_adapter.rb:41:in `new'
  activerecord (4.0.3) lib/active_record/connection_adapters/postgresql_adapter.rb:41:in `postgresql_connection'
  activerecord (4.0.3) lib/active_record/connection_adapters/abstract/connection_pool.rb:440:in `new_connection'
  activerecord (4.0.3) lib/active_record/connection_adapters/abstract/connection_pool.rb:450:in `checkout_new_connection'
  activerecord (4.0.3) lib/active_record/connection_adapters/abstract/connection_pool.rb:421:in `acquire_connection'
  activerecord (4.0.3) lib/active_record/connection_adapters/abstract/connection_pool.rb:356:in `block in checkout'
  /System/Library/Frameworks/Ruby.framework/Versions/2.0/usr/lib/ruby/2.0.0/monitor.rb:211:in `mon_synchronize'
  activerecord (4.0.3) lib/active_record/connection_adapters/abstract/connection_pool.rb:355:in `checkout'
  activerecord (4.0.3) lib/active_record/connection_adapters/abstract/connection_pool.rb:265:in `block in connection'
  /System/Library/Frameworks/Ruby.framework/Versions/2.0/usr/lib/ruby/2.0.0/monitor.rb:211:in `mon_synchronize'
  activerecord (4.0.3) lib/active_record/connection_adapters/abstract/connection_pool.rb:264:in `connection'
  activerecord (4.0.3) lib/active_record/connection_adapters/abstract/connection_pool.rb:546:in `retrieve_connection'
  activerecord (4.0.3) lib/active_record/connection_handling.rb:79:in `retrieve_connection'
  activerecord (4.0.3) lib/active_record/connection_handling.rb:53:in `connection'
  activerecord (4.0.3) lib/active_record/query_cache.rb:51:in `restore_query_cache_settings'
  activerecord (4.0.3) lib/active_record/query_cache.rb:43:in `rescue in call'
  activerecord (4.0.3) lib/active_record/query_cache.rb:32:in `call'
  activerecord (4.0.3) lib/active_record/connection_adapters/abstract/connection_pool.rb:626:in `call'
  activerecord (4.0.3) lib/active_record/migration.rb:369:in `call'
  actionpack (4.0.3) lib/action_dispatch/middleware/callbacks.rb:29:in `block in call'
  activesupport (4.0.3) lib/active_support/callbacks.rb:373:in `_run__2147862005178201412__call__callbacks'
  activesupport (4.0.3) lib/active_support/callbacks.rb:80:in `run_callbacks'
  actionpack (4.0.3) lib/action_dispatch/middleware/callbacks.rb:27:in `call'
  actionpack (4.0.3) lib/action_dispatch/middleware/reloader.rb:64:in `call'
  actionpack (4.0.3) lib/action_dispatch/middleware/remote_ip.rb:76:in `call'
  actionpack (4.0.3) lib/action_dispatch/middleware/debug_exceptions.rb:17:in `call'
  actionpack (4.0.3) lib/action_dispatch/middleware/show_exceptions.rb:30:in `call'
  railties (4.0.3) lib/rails/rack/logger.rb:38:in `call_app'
  railties (4.0.3) lib/rails/rack/logger.rb:20:in `block in call'
  activesupport (4.0.3) lib/active_support/tagged_logging.rb:67:in `block in tagged'
  activesupport (4.0.3) lib/active_support/tagged_logging.rb:25:in `tagged'
  activesupport (4.0.3) lib/active_support/tagged_logging.rb:67:in `tagged'
  railties (4.0.3) lib/rails/rack/logger.rb:20:in `call'
  actionpack (4.0.3) lib/action_dispatch/middleware/request_id.rb:21:in `call'
  rack (1.5.3) lib/rack/methodoverride.rb:21:in `call'
  rack (1.5.3) lib/rack/runtime.rb:17:in `call'
  activesupport (4.0.3) lib/active_support/cache/strategy/local_cache.rb:83:in `call'
  rack (1.5.3) lib/rack/lock.rb:17:in `call'
  actionpack (4.0.3) lib/action_dispatch/middleware/static.rb:64:in `call'
  rack (1.5.3) lib/rack/sendfile.rb:112:in `call'
  railties (4.0.3) lib/rails/engine.rb:511:in `call'
  railties (4.0.3) lib/rails/application.rb:97:in `call'
  rack (1.5.3) lib/rack/lock.rb:17:in `call'
  rack (1.5.3) lib/rack/content_length.rb:14:in `call'
  rack (1.5.3) lib/rack/handler/webrick.rb:60:in `service'
  /System/Library/Frameworks/Ruby.framework/Versions/2.0/usr/lib/ruby/2.0.0/webrick/httpserver.rb:138:in `service'
  /System/Library/Frameworks/Ruby.framework/Versions/2.0/usr/lib/ruby/2.0.0/webrick/httpserver.rb:94:in `run'
  /System/Library/Frameworks/Ruby.framework/Versions/2.0/usr/lib/ruby/2.0.0/webrick/server.rb:295:in `block in start_thread'


  Rendered /Library/Ruby/Gems/2.0.0/gems/actionpack-4.0.3/lib/action_dispatch/middleware/templates/rescues/_source.erb (0.4ms)
  Rendered /Library/Ruby/Gems/2.0.0/gems/actionpack-4.0.3/lib/action_dispatch/middleware/templates/rescues/_trace.erb (0.8ms)
  Rendered /Library/Ruby/Gems/2.0.0/gems/actionpack-4.0.3/lib/action_dispatch/middleware/templates/rescues/_request_and_response.erb (0.7ms)
  Rendered /Library/Ruby/Gems/2.0.0/gems/actionpack-4.0.3/lib/action_dispatch/middleware/templates/rescues/diagnostics.erb within rescues/layout (10.8ms)


Started GET "/" for 127.0.0.1 at 2015-05-26 18:41:31 -0700

PG::ConnectionBad (FATAL:  role "rt_dev" does not exist
):
  activerecord (4.0.3) lib/active_record/connection_adapters/postgresql_adapter.rb:831:in `initialize'
  activerecord (4.0.3) lib/active_record/connection_adapters/postgresql_adapter.rb:831:in `new'
  activerecord (4.0.3) lib/active_record/connection_adapters/postgresql_adapter.rb:831:in `connect'
  activerecord (4.0.3) lib/active_record/connection_adapters/postgresql_adapter.rb:548:in `initialize'
  activerecord (4.0.3) lib/active_record/connection_adapters/postgresql_adapter.rb:41:in `new'
  activerecord (4.0.3) lib/active_record/connection_adapters/postgresql_adapter.rb:41:in `postgresql_connection'
  activerecord (4.0.3) lib/active_record/connection_adapters/abstract/connection_pool.rb:440:in `new_connection'
  activerecord (4.0.3) lib/active_record/connection_adapters/abstract/connection_pool.rb:450:in `checkout_new_connection'
  activerecord (4.0.3) lib/active_record/connection_adapters/abstract/connection_pool.rb:421:in `acquire_connection'
  activerecord (4.0.3) lib/active_record/connection_adapters/abstract/connection_pool.rb:356:in `block in checkout'
  /System/Library/Frameworks/Ruby.framework/Versions/2.0/usr/lib/ruby/2.0.0/monitor.rb:211:in `mon_synchronize'
  activerecord (4.0.3) lib/active_record/connection_adapters/abstract/connection_pool.rb:355:in `checkout'
  activerecord (4.0.3) lib/active_record/connection_adapters/abstract/connection_pool.rb:265:in `block in connection'
  /System/Library/Frameworks/Ruby.framework/Versions/2.0/usr/lib/ruby/2.0.0/monitor.rb:211:in `mon_synchronize'
  activerecord (4.0.3) lib/active_record/connection_adapters/abstract/connection_pool.rb:264:in `connection'
  activerecord (4.0.3) lib/active_record/connection_adapters/abstract/connection_pool.rb:546:in `retrieve_connection'
  activerecord (4.0.3) lib/active_record/connection_handling.rb:79:in `retrieve_connection'
  activerecord (4.0.3) lib/active_record/connection_handling.rb:53:in `connection'
  activerecord (4.0.3) lib/active_record/query_cache.rb:51:in `restore_query_cache_settings'
  activerecord (4.0.3) lib/active_record/query_cache.rb:43:in `rescue in call'
  activerecord (4.0.3) lib/active_record/query_cache.rb:32:in `call'
  activerecord (4.0.3) lib/active_record/connection_adapters/abstract/connection_pool.rb:626:in `call'
  activerecord (4.0.3) lib/active_record/migration.rb:369:in `call'
  actionpack (4.0.3) lib/action_dispatch/middleware/callbacks.rb:29:in `block in call'
  activesupport (4.0.3) lib/active_support/callbacks.rb:373:in `_run__2147862005178201412__call__callbacks'
  activesupport (4.0.3) lib/active_support/callbacks.rb:80:in `run_callbacks'
  actionpack (4.0.3) lib/action_dispatch/middleware/callbacks.rb:27:in `call'
  actionpack (4.0.3) lib/action_dispatch/middleware/reloader.rb:64:in `call'
  actionpack (4.0.3) lib/action_dispatch/middleware/remote_ip.rb:76:in `call'
  actionpack (4.0.3) lib/action_dispatch/middleware/debug_exceptions.rb:17:in `call'
  actionpack (4.0.3) lib/action_dispatch/middleware/show_exceptions.rb:30:in `call'
  railties (4.0.3) lib/rails/rack/logger.rb:38:in `call_app'
  railties (4.0.3) lib/rails/rack/logger.rb:20:in `block in call'
  activesupport (4.0.3) lib/active_support/tagged_logging.rb:67:in `block in tagged'
  activesupport (4.0.3) lib/active_support/tagged_logging.rb:25:in `tagged'
  activesupport (4.0.3) lib/active_support/tagged_logging.rb:67:in `tagged'
  railties (4.0.3) lib/rails/rack/logger.rb:20:in `call'
  actionpack (4.0.3) lib/action_dispatch/middleware/request_id.rb:21:in `call'
  rack (1.5.3) lib/rack/methodoverride.rb:21:in `call'
  rack (1.5.3) lib/rack/runtime.rb:17:in `call'
  activesupport (4.0.3) lib/active_support/cache/strategy/local_cache.rb:83:in `call'
  rack (1.5.3) lib/rack/lock.rb:17:in `call'
  actionpack (4.0.3) lib/action_dispatch/middleware/static.rb:64:in `call'
  rack (1.5.3) lib/rack/sendfile.rb:112:in `call'
  railties (4.0.3) lib/rails/engine.rb:511:in `call'
  railties (4.0.3) lib/rails/application.rb:97:in `call'
  rack (1.5.3) lib/rack/lock.rb:17:in `call'
  rack (1.5.3) lib/rack/content_length.rb:14:in `call'
  rack (1.5.3) lib/rack/handler/webrick.rb:60:in `service'
  /System/Library/Frameworks/Ruby.framework/Versions/2.0/usr/lib/ruby/2.0.0/webrick/httpserver.rb:138:in `service'
  /System/Library/Frameworks/Ruby.framework/Versions/2.0/usr/lib/ruby/2.0.0/webrick/httpserver.rb:94:in `run'
  /System/Library/Frameworks/Ruby.framework/Versions/2.0/usr/lib/ruby/2.0.0/webrick/server.rb:295:in `block in start_thread'


  Rendered /Library/Ruby/Gems/2.0.0/gems/actionpack-4.0.3/lib/action_dispatch/middleware/templates/rescues/_source.erb (0.4ms)
  Rendered /Library/Ruby/Gems/2.0.0/gems/actionpack-4.0.3/lib/action_dispatch/middleware/templates/rescues/_trace.erb (0.8ms)
  Rendered /Library/Ruby/Gems/2.0.0/gems/actionpack-4.0.3/lib/action_dispatch/middleware/templates/rescues/_request_and_response.erb (0.7ms)
  Rendered /Library/Ruby/Gems/2.0.0/gems/actionpack-4.0.3/lib/action_dispatch/middleware/templates/rescues/diagnostics.erb within rescues/layout (10.7ms)


Started GET "/" for 127.0.0.1 at 2015-05-26 18:46:12 -0700
PG::InvalidParameterValue: ERROR:  invalid value for parameter "TimeZone": "UTC"
: SET time zone 'UTC'
PG::InvalidParameterValue: ERROR:  invalid value for parameter "TimeZone": "UTC"
: SET time zone 'UTC'

ActiveRecord::StatementInvalid (PG::InvalidParameterValue: ERROR:  invalid value for parameter "TimeZone": "UTC"
: SET time zone 'UTC'):
  activerecord (4.0.3) lib/active_record/connection_adapters/postgresql/database_statements.rb:128:in `async_exec'
  activerecord (4.0.3) lib/active_record/connection_adapters/postgresql/database_statements.rb:128:in `block in execute'
  activerecord (4.0.3) lib/active_record/connection_adapters/abstract_adapter.rb:435:in `block in log'
  activesupport (4.0.3) lib/active_support/notifications/instrumenter.rb:20:in `instrument'
  activerecord (4.0.3) lib/active_record/connection_adapters/abstract_adapter.rb:430:in `log'
  activerecord (4.0.3) lib/active_record/connection_adapters/postgresql/database_statements.rb:127:in `execute'
  activerecord (4.0.3) lib/active_record/connection_adapters/postgresql_adapter.rb:857:in `configure_connection'
  activerecord (4.0.3) lib/active_record/connection_adapters/postgresql_adapter.rb:838:in `connect'
  activerecord (4.0.3) lib/active_record/connection_adapters/postgresql_adapter.rb:548:in `initialize'
  activerecord (4.0.3) lib/active_record/connection_adapters/postgresql_adapter.rb:41:in `new'
  activerecord (4.0.3) lib/active_record/connection_adapters/postgresql_adapter.rb:41:in `postgresql_connection'
  activerecord (4.0.3) lib/active_record/connection_adapters/abstract/connection_pool.rb:440:in `new_connection'
  activerecord (4.0.3) lib/active_record/connection_adapters/abstract/connection_pool.rb:450:in `checkout_new_connection'
  activerecord (4.0.3) lib/active_record/connection_adapters/abstract/connection_pool.rb:421:in `acquire_connection'
  activerecord (4.0.3) lib/active_record/connection_adapters/abstract/connection_pool.rb:356:in `block in checkout'
  /System/Library/Frameworks/Ruby.framework/Versions/2.0/usr/lib/ruby/2.0.0/monitor.rb:211:in `mon_synchronize'
  activerecord (4.0.3) lib/active_record/connection_adapters/abstract/connection_pool.rb:355:in `checkout'
  activerecord (4.0.3) lib/active_record/connection_adapters/abstract/connection_pool.rb:265:in `block in connection'
  /System/Library/Frameworks/Ruby.framework/Versions/2.0/usr/lib/ruby/2.0.0/monitor.rb:211:in `mon_synchronize'
  activerecord (4.0.3) lib/active_record/connection_adapters/abstract/connection_pool.rb:264:in `connection'
  activerecord (4.0.3) lib/active_record/connection_adapters/abstract/connection_pool.rb:546:in `retrieve_connection'
  activerecord (4.0.3) lib/active_record/connection_handling.rb:79:in `retrieve_connection'
  activerecord (4.0.3) lib/active_record/connection_handling.rb:53:in `connection'
  activerecord (4.0.3) lib/active_record/query_cache.rb:51:in `restore_query_cache_settings'
  activerecord (4.0.3) lib/active_record/query_cache.rb:43:in `rescue in call'
  activerecord (4.0.3) lib/active_record/query_cache.rb:32:in `call'
  activerecord (4.0.3) lib/active_record/connection_adapters/abstract/connection_pool.rb:626:in `call'
  activerecord (4.0.3) lib/active_record/migration.rb:369:in `call'
  actionpack (4.0.3) lib/action_dispatch/middleware/callbacks.rb:29:in `block in call'
  activesupport (4.0.3) lib/active_support/callbacks.rb:373:in `_run__2283507052738113014__call__callbacks'
  activesupport (4.0.3) lib/active_support/callbacks.rb:80:in `run_callbacks'
  actionpack (4.0.3) lib/action_dispatch/middleware/callbacks.rb:27:in `call'
  actionpack (4.0.3) lib/action_dispatch/middleware/reloader.rb:64:in `call'
  actionpack (4.0.3) lib/action_dispatch/middleware/remote_ip.rb:76:in `call'
  actionpack (4.0.3) lib/action_dispatch/middleware/debug_exceptions.rb:17:in `call'
  actionpack (4.0.3) lib/action_dispatch/middleware/show_exceptions.rb:30:in `call'
  railties (4.0.3) lib/rails/rack/logger.rb:38:in `call_app'
  railties (4.0.3) lib/rails/rack/logger.rb:20:in `block in call'
  activesupport (4.0.3) lib/active_support/tagged_logging.rb:67:in `block in tagged'
  activesupport (4.0.3) lib/active_support/tagged_logging.rb:25:in `tagged'
  activesupport (4.0.3) lib/active_support/tagged_logging.rb:67:in `tagged'
  railties (4.0.3) lib/rails/rack/logger.rb:20:in `call'
  actionpack (4.0.3) lib/action_dispatch/middleware/request_id.rb:21:in `call'
  rack (1.5.3) lib/rack/methodoverride.rb:21:in `call'
  rack (1.5.3) lib/rack/runtime.rb:17:in `call'
  activesupport (4.0.3) lib/active_support/cache/strategy/local_cache.rb:83:in `call'
  rack (1.5.3) lib/rack/lock.rb:17:in `call'
  actionpack (4.0.3) lib/action_dispatch/middleware/static.rb:64:in `call'
  rack (1.5.3) lib/rack/sendfile.rb:112:in `call'
  railties (4.0.3) lib/rails/engine.rb:511:in `call'
  railties (4.0.3) lib/rails/application.rb:97:in `call'
  rack (1.5.3) lib/rack/lock.rb:17:in `call'
  rack (1.5.3) lib/rack/content_length.rb:14:in `call'
  rack (1.5.3) lib/rack/handler/webrick.rb:60:in `service'
  /System/Library/Frameworks/Ruby.framework/Versions/2.0/usr/lib/ruby/2.0.0/webrick/httpserver.rb:138:in `service'
  /System/Library/Frameworks/Ruby.framework/Versions/2.0/usr/lib/ruby/2.0.0/webrick/httpserver.rb:94:in `run'
  /System/Library/Frameworks/Ruby.framework/Versions/2.0/usr/lib/ruby/2.0.0/webrick/server.rb:295:in `block in start_thread'


  Rendered /Library/Ruby/Gems/2.0.0/gems/actionpack-4.0.3/lib/action_dispatch/middleware/templates/rescues/_source.erb (0.4ms)
  Rendered /Library/Ruby/Gems/2.0.0/gems/actionpack-4.0.3/lib/action_dispatch/middleware/templates/rescues/_trace.erb (0.7ms)
  Rendered /Library/Ruby/Gems/2.0.0/gems/actionpack-4.0.3/lib/action_dispatch/middleware/templates/rescues/_request_and_response.erb (0.8ms)
  Rendered /Library/Ruby/Gems/2.0.0/gems/actionpack-4.0.3/lib/action_dispatch/middleware/templates/rescues/diagnostics.erb within rescues/layout (11.6ms)


Started GET "/" for 127.0.0.1 at 2015-05-26 18:53:44 -0700

PG::ConnectionBad (FATAL:  role "rt_pgdev" does not exist
):
  activerecord (4.0.3) lib/active_record/connection_adapters/postgresql_adapter.rb:831:in `initialize'
  activerecord (4.0.3) lib/active_record/connection_adapters/postgresql_adapter.rb:831:in `new'
  activerecord (4.0.3) lib/active_record/connection_adapters/postgresql_adapter.rb:831:in `connect'
  activerecord (4.0.3) lib/active_record/connection_adapters/postgresql_adapter.rb:548:in `initialize'
  activerecord (4.0.3) lib/active_record/connection_adapters/postgresql_adapter.rb:41:in `new'
  activerecord (4.0.3) lib/active_record/connection_adapters/postgresql_adapter.rb:41:in `postgresql_connection'
  activerecord (4.0.3) lib/active_record/connection_adapters/abstract/connection_pool.rb:440:in `new_connection'
  activerecord (4.0.3) lib/active_record/connection_adapters/abstract/connection_pool.rb:450:in `checkout_new_connection'
  activerecord (4.0.3) lib/active_record/connection_adapters/abstract/connection_pool.rb:421:in `acquire_connection'
  activerecord (4.0.3) lib/active_record/connection_adapters/abstract/connection_pool.rb:356:in `block in checkout'
  /System/Library/Frameworks/Ruby.framework/Versions/2.0/usr/lib/ruby/2.0.0/monitor.rb:211:in `mon_synchronize'
  activerecord (4.0.3) lib/active_record/connection_adapters/abstract/connection_pool.rb:355:in `checkout'
  activerecord (4.0.3) lib/active_record/connection_adapters/abstract/connection_pool.rb:265:in `block in connection'
  /System/Library/Frameworks/Ruby.framework/Versions/2.0/usr/lib/ruby/2.0.0/monitor.rb:211:in `mon_synchronize'
  activerecord (4.0.3) lib/active_record/connection_adapters/abstract/connection_pool.rb:264:in `connection'
  activerecord (4.0.3) lib/active_record/connection_adapters/abstract/connection_pool.rb:546:in `retrieve_connection'
  activerecord (4.0.3) lib/active_record/connection_handling.rb:79:in `retrieve_connection'
  activerecord (4.0.3) lib/active_record/connection_handling.rb:53:in `connection'
  activerecord (4.0.3) lib/active_record/query_cache.rb:51:in `restore_query_cache_settings'
  activerecord (4.0.3) lib/active_record/query_cache.rb:43:in `rescue in call'
  activerecord (4.0.3) lib/active_record/query_cache.rb:32:in `call'
  activerecord (4.0.3) lib/active_record/connection_adapters/abstract/connection_pool.rb:626:in `call'
  activerecord (4.0.3) lib/active_record/migration.rb:369:in `call'
  actionpack (4.0.3) lib/action_dispatch/middleware/callbacks.rb:29:in `block in call'
  activesupport (4.0.3) lib/active_support/callbacks.rb:373:in `_run__2283507052738113014__call__callbacks'
  activesupport (4.0.3) lib/active_support/callbacks.rb:80:in `run_callbacks'
  actionpack (4.0.3) lib/action_dispatch/middleware/callbacks.rb:27:in `call'
  actionpack (4.0.3) lib/action_dispatch/middleware/reloader.rb:64:in `call'
  actionpack (4.0.3) lib/action_dispatch/middleware/remote_ip.rb:76:in `call'
  actionpack (4.0.3) lib/action_dispatch/middleware/debug_exceptions.rb:17:in `call'
  actionpack (4.0.3) lib/action_dispatch/middleware/show_exceptions.rb:30:in `call'
  railties (4.0.3) lib/rails/rack/logger.rb:38:in `call_app'
  railties (4.0.3) lib/rails/rack/logger.rb:20:in `block in call'
  activesupport (4.0.3) lib/active_support/tagged_logging.rb:67:in `block in tagged'
  activesupport (4.0.3) lib/active_support/tagged_logging.rb:25:in `tagged'
  activesupport (4.0.3) lib/active_support/tagged_logging.rb:67:in `tagged'
  railties (4.0.3) lib/rails/rack/logger.rb:20:in `call'
  actionpack (4.0.3) lib/action_dispatch/middleware/request_id.rb:21:in `call'
  rack (1.5.3) lib/rack/methodoverride.rb:21:in `call'
  rack (1.5.3) lib/rack/runtime.rb:17:in `call'
  activesupport (4.0.3) lib/active_support/cache/strategy/local_cache.rb:83:in `call'
  rack (1.5.3) lib/rack/lock.rb:17:in `call'
  actionpack (4.0.3) lib/action_dispatch/middleware/static.rb:64:in `call'
  rack (1.5.3) lib/rack/sendfile.rb:112:in `call'
  railties (4.0.3) lib/rails/engine.rb:511:in `call'
  railties (4.0.3) lib/rails/application.rb:97:in `call'
  rack (1.5.3) lib/rack/lock.rb:17:in `call'
  rack (1.5.3) lib/rack/content_length.rb:14:in `call'
  rack (1.5.3) lib/rack/handler/webrick.rb:60:in `service'
  /System/Library/Frameworks/Ruby.framework/Versions/2.0/usr/lib/ruby/2.0.0/webrick/httpserver.rb:138:in `service'
  /System/Library/Frameworks/Ruby.framework/Versions/2.0/usr/lib/ruby/2.0.0/webrick/httpserver.rb:94:in `run'
  /System/Library/Frameworks/Ruby.framework/Versions/2.0/usr/lib/ruby/2.0.0/webrick/server.rb:295:in `block in start_thread'


  Rendered /Library/Ruby/Gems/2.0.0/gems/actionpack-4.0.3/lib/action_dispatch/middleware/templates/rescues/_source.erb (0.4ms)
  Rendered /Library/Ruby/Gems/2.0.0/gems/actionpack-4.0.3/lib/action_dispatch/middleware/templates/rescues/_trace.erb (0.7ms)
  Rendered /Library/Ruby/Gems/2.0.0/gems/actionpack-4.0.3/lib/action_dispatch/middleware/templates/rescues/_request_and_response.erb (0.7ms)
  Rendered /Library/Ruby/Gems/2.0.0/gems/actionpack-4.0.3/lib/action_dispatch/middleware/templates/rescues/diagnostics.erb within rescues/layout (10.7ms)


Started GET "/" for 127.0.0.1 at 2015-05-26 19:58:23 -0700
Processing by Rails::WelcomeController#index as HTML
  Rendered /Library/Ruby/Gems/2.0.0/gems/railties-4.0.3/lib/rails/templates/rails/welcome/index.html.erb (1.5ms)
Completed 200 OK in 26ms (Views: 7.8ms | ActiveRecord: 0.0ms)


Started GET "/" for 127.0.0.1 at 2015-05-26 20:10:32 -0700
Processing by Rails::WelcomeController#index as HTML
  Rendered /Library/Ruby/Gems/2.0.0/gems/railties-4.0.3/lib/rails/templates/rails/welcome/index.html.erb (1.3ms)
Completed 200 OK in 24ms (Views: 6.6ms | ActiveRecord: 0.0ms)


Started GET "/" for 127.0.0.1 at 2015-05-26 20:11:24 -0700
Processing by Rails::WelcomeController#index as HTML
  Rendered /Library/Ruby/Gems/2.0.0/gems/railties-4.0.3/lib/rails/templates/rails/welcome/index.html.erb (1.1ms)
Completed 200 OK in 22ms (Views: 6.4ms | ActiveRecord: 0.0ms)
